6.0.0 03-04-2015 11:00:45 Starting new session. Mods: examplemod 
6.0.0 03-04-2015 11:01:10 ERROR: null: Tried to create good from block with no item: saddle;73;0;Selle
6.0.0 03-04-2015 11:01:21 MAJOR: null: Loading language: en_US
6.0.0 03-04-2015 11:01:21 MAJOR: null: Language loaded: en_US. Wand name: Wand of Summoning Wand invitem name: item.ml_villageWand.name
6.0.0 03-04-2015 11:26:27 Starting new session. Mods: examplemod 
6.0.0 03-04-2015 11:26:49 ERROR: null: Tried to create good from block with no item: saddle;73;0;Selle
6.0.0 03-04-2015 11:26:56 MAJOR: null: Loading language: en_US
6.0.0 03-04-2015 11:26:57 MAJOR: null: Language loaded: en_US. Wand name: Wand of Summoning Wand invitem name: item.ml_villageWand.name
6.0.0 03-04-2015 11:32:02 Starting new session. Mods: examplemod 
6.0.0 03-04-2015 11:32:25 ERROR: null: Tried to create good from block with no item: saddle;73;0;Selle
6.0.0 03-04-2015 11:32:32 MAJOR: null: Loading language: en_US
6.0.0 03-04-2015 11:32:33 MAJOR: null: Language loaded: en_US. Wand name: Wand of Summoning Wand invitem name: item.ml_villageWand.name
6.0.0 03-04-2015 12:02:08 Starting new session. Mods: examplemod 
6.0.0 03-04-2015 12:02:37 ERROR: null: Tried to create good from block with no item: saddle;73;0;Selle
6.0.0 03-04-2015 12:02:46 MAJOR: null: Loading language: en_US
6.0.0 03-04-2015 12:02:47 MAJOR: null: Language loaded: en_US. Wand name: Wand of Summoning Wand invitem name: item.ml_villageWand.name
6.0.0 03-04-2015 12:13:23 Starting new session. Mods: examplemod 
6.0.0 03-04-2015 12:13:52 ERROR: null: Tried to create good from block with no item: saddle;73;0;Selle
6.0.0 03-04-2015 12:14:01 MAJOR: null: Loading language: en_US
6.0.0 03-04-2015 12:14:02 MAJOR: null: Language loaded: en_US. Wand name: Wand of Summoning Wand invitem name: item.ml_villageWand.name
6.0.0 03-04-2015 12:40:07 Starting new session. Mods: examplemod 
6.0.0 03-04-2015 12:40:34 ERROR: null: Tried to create good from block with no item: saddle;73;0;Selle
6.0.0 03-04-2015 12:40:43 MAJOR: null: Loading language: en_US
6.0.0 03-04-2015 12:40:44 MAJOR: null: Language loaded: en_US. Wand name: Wand of Summoning Wand invitem name: item.ml_villageWand.name
6.0.0 03-04-2015 12:59:13 Starting new session. Mods: examplemod 
6.0.0 03-04-2015 12:59:42 ERROR: null: Tried to create good from block with no item: saddle;73;0;Selle
6.0.0 03-04-2015 12:59:51 MAJOR: null: Loading language: en_US
6.0.0 03-04-2015 12:59:52 MAJOR: null: Language loaded: en_US. Wand name: Wand of Summoning Wand invitem name: item.ml_villageWand.name
6.0.0 03-04-2015 13:15:51 Starting new session. Mods: examplemod 
6.0.0 03-04-2015 13:16:22 ERROR: null: Tried to create good from block with no item: saddle;73;0;Selle
6.0.0 03-04-2015 13:16:32 MAJOR: null: Loading language: en_US
6.0.0 03-04-2015 13:16:33 MAJOR: null: Language loaded: en_US. Wand name: Wand of Summoning Wand invitem name: item.ml_villageWand.name
6.0.0 03-04-2015 13:26:11 Starting new session. Mods: examplemod 
6.0.0 03-04-2015 13:26:40 ERROR: null: Tried to create good from block with no item: saddle;73;0;Selle
6.0.0 03-04-2015 13:26:49 MAJOR: null: Loading language: en_US
6.0.0 03-04-2015 13:26:50 MAJOR: null: Language loaded: en_US. Wand name: Wand of Summoning Wand invitem name: item.ml_villageWand.name
6.0.0 03-04-2015 15:33:06 Starting new session. Mods: examplemod 
6.0.0 03-04-2015 15:33:27 ERROR: null: Tried to create good from block with no item: saddle;73;0;Selle
6.0.0 03-04-2015 15:33:34 MAJOR: null: Loading language: en_US
6.0.0 03-04-2015 15:33:35 MAJOR: null: Language loaded: en_US. Wand name: Wand of Summoning Wand invitem name: item.ml_villageWand.name
6.0.0 03-04-2015 16:49:21 Starting new session. Mods: examplemod 
6.0.0 03-04-2015 16:49:43 ERROR: null: Tried to create good from block with no item: saddle;73;0;Selle
6.0.0 03-04-2015 16:49:51 MAJOR: null: Loading language: en_US
6.0.0 03-04-2015 16:49:51 MAJOR: null: Language loaded: en_US. Wand name: Wand of Summoning Wand invitem name: item.ml_villageWand.name
6.0.0 03-04-2015 16:53:23 Starting new session. Mods: examplemod 
6.0.0 03-04-2015 16:53:44 ERROR: null: Tried to create good from block with no item: saddle;73;0;Selle
6.0.0 03-04-2015 16:53:51 MAJOR: null: Loading language: en_US
6.0.0 03-04-2015 16:53:52 MAJOR: null: Language loaded: en_US. Wand name: Wand of Summoning Wand invitem name: item.ml_villageWand.name
6.0.0 03-04-2015 17:01:09 Starting new session. Mods: examplemod 
6.0.0 03-04-2015 17:01:31 ERROR: null: Tried to create good from block with no item: saddle;73;0;Selle
6.0.0 03-04-2015 17:01:40 MAJOR: null: Loading language: en_US
6.0.0 03-04-2015 17:01:40 MAJOR: null: Language loaded: en_US. Wand name: Wand of Summoning Wand invitem name: item.ml_villageWand.name
6.0.0 03-04-2015 17:15:20 Starting new session. Mods: examplemod 
6.0.0 03-04-2015 17:15:41 ERROR: null: Tried to create good from block with no item: saddle;73;0;Selle
6.0.0 03-04-2015 17:15:48 MAJOR: null: Loading language: en_US
6.0.0 03-04-2015 17:15:49 MAJOR: null: Language loaded: en_US. Wand name: Wand of Summoning Wand invitem name: item.ml_villageWand.name
6.0.0 03-04-2015 17:24:29 Starting new session. Mods: examplemod 
6.0.0 03-04-2015 17:24:55 ERROR: null: Tried to create good from block with no item: saddle;73;0;Selle
6.0.0 03-04-2015 17:25:06 MAJOR: null: Loading language: en_US
6.0.0 03-04-2015 17:25:07 MAJOR: null: Language loaded: en_US. Wand name: Wand of Summoning Wand invitem name: item.ml_villageWand.name
6.0.0 03-04-2015 17:34:14 Starting new session. Mods: examplemod 
6.0.0 03-04-2015 17:34:40 ERROR: null: Tried to create good from block with no item: saddle;73;0;Selle
6.0.0 03-04-2015 17:34:48 MAJOR: null: Loading language: en_US
6.0.0 03-04-2015 17:34:49 MAJOR: null: Language loaded: en_US. Wand name: Wand of Summoning Wand invitem name: item.ml_villageWand.name
6.0.0 03-04-2015 17:46:01 Starting new session. Mods: examplemod 
6.0.0 03-04-2015 17:46:24 ERROR: null: Tried to create good from block with no item: saddle;73;0;Selle
6.0.0 03-04-2015 17:46:32 MAJOR: null: Loading language: en_US
6.0.0 03-04-2015 17:46:33 MAJOR: null: Language loaded: en_US. Wand name: Wand of Summoning Wand invitem name: item.ml_villageWand.name
6.0.0 07-04-2015 12:21:16 Starting new session. Mods: examplemod 
6.0.0 07-04-2015 12:21:43 ERROR: null: Tried to create good from block with no item: saddle;73;0;Selle
6.0.0 07-04-2015 12:21:53 MAJOR: null: Loading language: en_US
6.0.0 07-04-2015 12:21:58 MAJOR: null: Language loaded: en_US. Wand name: Wand of Summoning Wand invitem name: item.ml_villageWand.name
6.0.0 07-04-2015 12:39:33 Starting new session. Mods: examplemod 
6.0.0 07-04-2015 12:39:57 ERROR: null: Tried to create good from block with no item: saddle;73;0;Selle
6.0.0 07-04-2015 12:40:04 MAJOR: null: Loading language: en_US
6.0.0 07-04-2015 12:40:05 MAJOR: null: Language loaded: en_US. Wand name: Wand of Summoning Wand invitem name: item.ml_villageWand.name
6.0.0 07-04-2015 12:58:11 Starting new session. Mods: examplemod 
6.0.0 07-04-2015 12:58:37 ERROR: null: Tried to create good from block with no item: saddle;73;0;Selle
6.0.0 07-04-2015 12:58:45 MAJOR: null: Loading language: en_US
6.0.0 07-04-2015 12:58:46 MAJOR: null: Language loaded: en_US. Wand name: Wand of Summoning Wand invitem name: item.ml_villageWand.name
6.0.0 07-04-2015 13:14:06 Starting new session. Mods: examplemod 
6.0.0 07-04-2015 13:14:32 ERROR: null: Tried to create good from block with no item: saddle;73;0;Selle
6.0.0 07-04-2015 13:14:40 MAJOR: null: Loading language: en_US
6.0.0 07-04-2015 13:14:41 MAJOR: null: Language loaded: en_US. Wand name: Wand of Summoning Wand invitem name: item.ml_villageWand.name
6.0.0 07-04-2015 13:50:09 Starting new session. Mods: examplemod 
6.0.0 07-04-2015 13:50:36 ERROR: null: Tried to create good from block with no item: saddle;73;0;Selle
6.0.0 07-04-2015 13:50:44 MAJOR: null: Loading language: en_US
6.0.0 07-04-2015 13:50:45 MAJOR: null: Language loaded: en_US. Wand name: Wand of Summoning Wand invitem name: item.ml_villageWand.name
6.0.0 07-04-2015 14:05:45 Starting new session. Mods: examplemod 
6.0.0 07-04-2015 14:06:09 ERROR: null: Tried to create good from block with no item: saddle;73;0;Selle
6.0.0 07-04-2015 14:06:17 MAJOR: null: Loading language: en_US
6.0.0 07-04-2015 14:06:17 MAJOR: null: Language loaded: en_US. Wand name: Wand of Summoning Wand invitem name: item.ml_villageWand.name
6.0.0 07-04-2015 15:20:43 Starting new session. Mods: examplemod 
6.0.0 07-04-2015 15:21:10 ERROR: null: Tried to create good from block with no item: saddle;73;0;Selle
6.0.0 07-04-2015 15:21:18 MAJOR: null: Loading language: en_US
6.0.0 07-04-2015 15:21:19 MAJOR: null: Language loaded: en_US. Wand name: Wand of Summoning Wand invitem name: item.ml_villageWand.name
6.0.0 07-04-2015 15:55:36 Starting new session. Mods: examplemod 
6.0.0 07-04-2015 15:56:02 ERROR: null: Tried to create good from block with no item: saddle;73;0;Selle
6.0.0 07-04-2015 15:56:12 MAJOR: null: Loading language: en_US
6.0.0 07-04-2015 15:56:13 MAJOR: null: Language loaded: en_US. Wand name: Wand of Summoning Wand invitem name: item.ml_villageWand.name
6.0.0 07-04-2015 16:09:32 Starting new session. Mods: examplemod 
6.0.0 07-04-2015 16:10:00 ERROR: null: Tried to create good from block with no item: saddle;73;0;Selle
6.0.0 07-04-2015 16:10:09 MAJOR: null: Loading language: en_US
6.0.0 07-04-2015 16:10:09 MAJOR: null: Language loaded: en_US. Wand name: Wand of Summoning Wand invitem name: item.ml_villageWand.name
6.0.0 07-04-2015 16:31:37 Starting new session. Mods: examplemod 
6.0.0 07-04-2015 16:32:01 ERROR: null: Tried to create good from block with no item: saddle;73;0;Selle
6.0.0 07-04-2015 16:32:09 MAJOR: null: Loading language: en_US
6.0.0 07-04-2015 16:32:10 MAJOR: null: Language loaded: en_US. Wand name: Wand of Summoning Wand invitem name: item.ml_villageWand.name
6.0.0 07-04-2015 18:45:47 Starting new session. Mods: examplemod 
6.0.0 07-04-2015 18:46:10 ERROR: null: Tried to create good from block with no item: saddle;73;0;Selle
6.0.0 07-04-2015 18:46:18 MAJOR: null: Loading language: en_US
6.0.0 07-04-2015 18:46:19 MAJOR: null: Language loaded: en_US. Wand name: Wand of Summoning Wand invitem name: item.ml_villageWand.name
6.0.0 08-04-2015 16:52:02 Starting new session. Mods: examplemod 
6.0.0 08-04-2015 16:52:31 ERROR: null: Tried to create good from block with no item: saddle;73;0;Selle
6.0.0 08-04-2015 16:52:46 MAJOR: null: Loading language: en_US
6.0.0 08-04-2015 16:52:52 MAJOR: null: Language loaded: en_US. Wand name: Wand of Summoning Wand invitem name: item.ml_villageWand.name
6.0.0 16-04-2015 11:24:34 Starting new session. Mods: examplemod 
6.0.0 16-04-2015 11:25:19 ERROR: null: Tried to create good from block with no item: saddle;73;0;Selle
6.0.0 16-04-2015 11:25:29 MAJOR: null: Loading language: en_US
6.0.0 16-04-2015 11:25:34 MAJOR: null: Language loaded: en_US. Wand name: Wand of Summoning Wand invitem name: item.ml_villageWand.name
6.0.0 16-04-2015 12:35:34 Starting new session. Mods: examplemod 
6.0.0 16-04-2015 12:35:58 ERROR: null: Tried to create good from block with no item: saddle;73;0;Selle
6.0.0 16-04-2015 12:36:09 MAJOR: null: Loading language: en_US
6.0.0 16-04-2015 12:36:13 MAJOR: null: Language loaded: en_US. Wand name: Wand of Summoning Wand invitem name: item.ml_villageWand.name
6.0.0 16-04-2015 12:54:53 Starting new session. Mods: examplemod 
6.0.0 16-04-2015 12:55:18 ERROR: null: Tried to create good from block with no item: saddle;73;0;Selle
6.0.0 16-04-2015 12:55:28 MAJOR: null: Loading language: en_US
6.0.0 16-04-2015 12:55:33 MAJOR: null: Language loaded: en_US. Wand name: Wand of Summoning Wand invitem name: item.ml_villageWand.name
6.0.0 16-04-2015 14:36:44 Starting new session. Mods: examplemod 
6.0.0 16-04-2015 14:37:09 ERROR: null: Tried to create good from block with no item: saddle;73;0;Selle
6.0.0 16-04-2015 14:37:19 MAJOR: null: Loading language: en_US
6.0.0 16-04-2015 14:37:19 MAJOR: null: Language loaded: en_US. Wand name: Wand of Summoning Wand invitem name: item.ml_villageWand.name
6.0.0 16-04-2015 15:00:12 Starting new session. Mods: examplemod 
6.0.0 16-04-2015 15:00:36 ERROR: null: Tried to create good from block with no item: saddle;73;0;Selle
6.0.0 16-04-2015 15:00:44 MAJOR: null: Loading language: en_US
6.0.0 16-04-2015 15:00:45 MAJOR: null: Language loaded: en_US. Wand name: Wand of Summoning Wand invitem name: item.ml_villageWand.name
6.0.0 16-04-2015 15:05:55 Starting new session. Mods: examplemod 
6.0.0 16-04-2015 15:06:16 ERROR: null: Tried to create good from block with no item: saddle;73;0;Selle
6.0.0 16-04-2015 15:06:23 MAJOR: null: Loading language: en_US
6.0.0 16-04-2015 15:06:24 MAJOR: null: Language loaded: en_US. Wand name: Wand of Summoning Wand invitem name: item.ml_villageWand.name
6.0.0 16-04-2015 15:16:17 Starting new session. Mods: examplemod 
6.0.0 16-04-2015 15:16:40 ERROR: null: Tried to create good from block with no item: saddle;73;0;Selle
6.0.0 16-04-2015 15:16:47 MAJOR: null: Loading language: en_US
6.0.0 16-04-2015 15:16:47 MAJOR: null: Language loaded: en_US. Wand name: Wand of Summoning Wand invitem name: item.ml_villageWand.name
6.0.0 16-04-2015 15:29:44 Starting new session. Mods: examplemod 
6.0.0 16-04-2015 15:30:07 ERROR: null: Tried to create good from block with no item: saddle;73;0;Selle
6.0.0 16-04-2015 15:30:14 MAJOR: null: Loading language: en_US
6.0.0 16-04-2015 15:30:15 MAJOR: null: Language loaded: en_US. Wand name: Wand of Summoning Wand invitem name: item.ml_villageWand.name
6.0.0 16-04-2015 15:39:00 Starting new session. Mods: examplemod 
6.0.0 16-04-2015 15:39:23 ERROR: null: Tried to create good from block with no item: saddle;73;0;Selle
6.0.0 16-04-2015 15:39:31 MAJOR: null: Loading language: en_US
6.0.0 16-04-2015 15:39:32 MAJOR: null: Language loaded: en_US. Wand name: Wand of Summoning Wand invitem name: item.ml_villageWand.name
6.0.0 16-04-2015 15:58:11 Starting new session. Mods: examplemod 
6.0.0 16-04-2015 15:58:34 ERROR: null: Tried to create good from block with no item: saddle;73;0;Selle
6.0.0 16-04-2015 15:58:42 MAJOR: null: Loading language: en_US
6.0.0 16-04-2015 15:58:43 MAJOR: null: Language loaded: en_US. Wand name: Wand of Summoning Wand invitem name: item.ml_villageWand.name
6.0.0 19-04-2015 12:20:34 Starting new session. Mods: examplemod 
6.0.0 19-04-2015 12:21:12 ERROR: null: Tried to create good from block with no item: saddle;73;0;Selle
6.0.0 19-04-2015 12:21:23 MAJOR: null: Loading language: en_US
6.0.0 19-04-2015 12:21:28 MAJOR: null: Language loaded: en_US. Wand name: Wand of Summoning Wand invitem name: item.ml_villageWand.name
6.0.0 19-04-2015 12:57:59 Starting new session. Mods: examplemod 
6.0.0 19-04-2015 12:58:27 ERROR: null: Tried to create good from block with no item: saddle;73;0;Selle
6.0.0 19-04-2015 12:58:39 MAJOR: null: Loading language: en_US
6.0.0 19-04-2015 12:58:43 MAJOR: null: Language loaded: en_US. Wand name: Wand of Summoning Wand invitem name: item.ml_villageWand.name
6.0.0 19-04-2015 15:21:45 Starting new session. Mods: examplemod 
6.0.0 19-04-2015 15:22:11 ERROR: null: Tried to create good from block with no item: saddle;73;0;Selle
6.0.0 19-04-2015 15:22:29 MAJOR: null: Loading language: en_US
6.0.0 19-04-2015 15:22:39 MAJOR: null: Language loaded: en_US. Wand name: Wand of Summoning Wand invitem name: item.ml_villageWand.name
6.0.0 19-04-2015 16:01:53 Starting new session. Mods: examplemod 
6.0.0 19-04-2015 16:02:16 ERROR: null: Tried to create good from block with no item: saddle;73;0;Selle
6.0.0 19-04-2015 16:02:24 MAJOR: null: Loading language: en_US
6.0.0 19-04-2015 16:02:25 MAJOR: null: Language loaded: en_US. Wand name: Wand of Summoning Wand invitem name: item.ml_villageWand.name
6.0.0 19-04-2015 17:50:32 Starting new session. Mods: examplemod 
6.0.0 19-04-2015 17:50:54 ERROR: null: Tried to create good from block with no item: saddle;73;0;Selle
6.0.0 19-04-2015 17:51:01 MAJOR: null: Loading language: en_US
6.0.0 19-04-2015 17:51:02 MAJOR: null: Language loaded: en_US. Wand name: Wand of Summoning Wand invitem name: item.ml_villageWand.name
6.0.0 19-04-2015 20:11:26 Starting new session. Mods: examplemod 
6.0.0 19-04-2015 20:12:01 ERROR: null: Tried to create good from block with no item: saddle;73;0;Selle
6.0.0 19-04-2015 20:12:14 MAJOR: null: Loading language: en_US
6.0.0 19-04-2015 20:12:20 MAJOR: null: Language loaded: en_US. Wand name: Wand of Summoning Wand invitem name: item.ml_villageWand.name
6.0.0 20-04-2015 09:40:29 Starting new session. Mods: examplemod 
6.0.0 20-04-2015 09:40:58 ERROR: null: Tried to create good from block with no item: saddle;73;0;Selle
6.0.0 20-04-2015 09:41:09 MAJOR: null: Loading language: en_US
6.0.0 20-04-2015 09:41:14 MAJOR: null: Language loaded: en_US. Wand name: Wand of Summoning Wand invitem name: item.ml_villageWand.name
6.0.0 20-04-2015 09:52:52 Starting new session. Mods: examplemod 
6.0.0 20-04-2015 09:53:19 ERROR: null: Tried to create good from block with no item: saddle;73;0;Selle
6.0.0 20-04-2015 09:53:31 MAJOR: null: Loading language: en_US
6.0.0 20-04-2015 09:53:35 MAJOR: null: Language loaded: en_US. Wand name: Wand of Summoning Wand invitem name: item.ml_villageWand.name
6.0.0 20-04-2015 10:17:02 Starting new session. Mods: examplemod 
6.0.0 20-04-2015 10:17:26 ERROR: null: Tried to create good from block with no item: saddle;73;0;Selle
6.0.0 20-04-2015 10:17:35 MAJOR: null: Loading language: en_US
6.0.0 20-04-2015 10:17:36 MAJOR: null: Language loaded: en_US. Wand name: Wand of Summoning Wand invitem name: item.ml_villageWand.name
6.0.0 20-04-2015 10:21:40 Starting new session. Mods: examplemod 
6.0.0 20-04-2015 10:22:04 ERROR: null: Tried to create good from block with no item: saddle;73;0;Selle
6.0.0 20-04-2015 10:22:13 MAJOR: null: Loading language: en_US
6.0.0 20-04-2015 10:22:14 MAJOR: null: Language loaded: en_US. Wand name: Wand of Summoning Wand invitem name: item.ml_villageWand.name
6.0.0 20-04-2015 10:38:18 Starting new session. Mods: examplemod 
6.0.0 20-04-2015 10:40:14 Starting new session. Mods: examplemod 
6.0.0 20-04-2015 10:40:46 ERROR: null: Tried to create good from block with no item: saddle;73;0;Selle
6.0.0 20-04-2015 10:40:55 MAJOR: null: Loading language: en_US
6.0.0 20-04-2015 10:40:56 MAJOR: null: Language loaded: en_US. Wand name: Wand of Summoning Wand invitem name: item.ml_villageWand.name
6.0.0 21-04-2015 09:38:33 Starting new session. Mods: examplemod 
6.0.0 21-04-2015 09:40:31 Starting new session. Mods: examplemod 
6.0.0 21-04-2015 09:40:50 ERROR: null: Tried to create good from block with no item: saddle;73;0;Selle
6.0.0 21-04-2015 09:41:00 MAJOR: null: Loading language: en_US
6.0.0 21-04-2015 09:41:04 MAJOR: null: Language loaded: en_US. Wand name: Wand of Summoning Wand invitem name: item.ml_villageWand.name
6.0.0 21-04-2015 09:49:21 Starting new session. Mods: examplemod 
6.0.0 21-04-2015 14:02:52 Starting new session. Mods: examplemod 
6.0.0 21-04-2015 14:03:13 ERROR: null: Tried to create good from block with no item: saddle;73;0;Selle
6.0.0 21-04-2015 14:03:24 MAJOR: null: Loading language: en_US
6.0.0 21-04-2015 14:03:28 MAJOR: null: Language loaded: en_US. Wand name: Wand of Summoning Wand invitem name: item.ml_villageWand.name
6.0.0 21-04-2015 14:06:46 Starting new session. Mods: examplemod 
6.0.0 21-04-2015 14:07:07 ERROR: null: Tried to create good from block with no item: saddle;73;0;Selle
6.0.0 21-04-2015 14:07:14 MAJOR: null: Loading language: en_US
6.0.0 21-04-2015 14:07:15 MAJOR: null: Language loaded: en_US. Wand name: Wand of Summoning Wand invitem name: item.ml_villageWand.name
6.0.0 21-04-2015 14:10:47 Starting new session. Mods: examplemod 
6.0.0 21-04-2015 14:11:06 ERROR: null: Tried to create good from block with no item: saddle;73;0;Selle
6.0.0 21-04-2015 14:11:12 MAJOR: null: Loading language: en_US
6.0.0 21-04-2015 14:11:13 MAJOR: null: Language loaded: en_US. Wand name: Wand of Summoning Wand invitem name: item.ml_villageWand.name
6.0.0 22-04-2015 09:40:05 Starting new session. Mods: examplemod 
6.0.0 22-04-2015 09:40:26 ERROR: null: Tried to create good from block with no item: saddle;73;0;Selle
6.0.0 22-04-2015 09:40:36 MAJOR: null: Loading language: en_US
6.0.0 22-04-2015 09:40:41 MAJOR: null: Language loaded: en_US. Wand name: Wand of Summoning Wand invitem name: item.ml_villageWand.name
6.0.0 23-04-2015 12:18:30 Starting new session. Mods: examplemod 
6.0.0 23-04-2015 12:18:58 ERROR: null: Tried to create good from block with no item: saddle;73;0;Selle
6.0.0 23-04-2015 12:19:10 MAJOR: null: Loading language: en_US
6.0.0 23-04-2015 12:19:14 MAJOR: null: Language loaded: en_US. Wand name: Wand of Summoning Wand invitem name: item.ml_villageWand.name
6.0.0 23-04-2015 13:48:57 Starting new session. Mods: examplemod 
6.0.0 23-04-2015 13:49:21 ERROR: null: Tried to create good from block with no item: saddle;73;0;Selle
6.0.0 23-04-2015 13:49:29 MAJOR: null: Loading language: en_US
6.0.0 23-04-2015 13:49:30 MAJOR: null: Language loaded: en_US. Wand name: Wand of Summoning Wand invitem name: item.ml_villageWand.name
6.0.0 23-04-2015 13:54:34 Starting new session. Mods: examplemod 
6.0.0 23-04-2015 13:54:58 ERROR: null: Tried to create good from block with no item: saddle;73;0;Selle
6.0.0 23-04-2015 13:55:07 MAJOR: null: Loading language: en_US
6.0.0 23-04-2015 13:55:08 MAJOR: null: Language loaded: en_US. Wand name: Wand of Summoning Wand invitem name: item.ml_villageWand.name
6.0.0 24-04-2015 08:21:24 Starting new session. Mods: examplemod 
6.0.0 24-04-2015 08:21:45 ERROR: null: Tried to create good from block with no item: saddle;73;0;Selle
6.0.0 24-04-2015 08:21:54 MAJOR: null: Loading language: en_US
6.0.0 24-04-2015 08:21:59 MAJOR: null: Language loaded: en_US. Wand name: Wand of Summoning Wand invitem name: item.ml_villageWand.name
6.0.0 24-04-2015 08:59:08 Starting new session. Mods: examplemod 
6.0.0 24-04-2015 08:59:27 ERROR: null: Tried to create good from block with no item: saddle;73;0;Selle
6.0.0 24-04-2015 08:59:34 MAJOR: null: Loading language: en_US
6.0.0 24-04-2015 08:59:34 MAJOR: null: Language loaded: en_US. Wand name: Wand of Summoning Wand invitem name: item.ml_villageWand.name
6.0.0 24-04-2015 09:07:37 Starting new session. Mods: examplemod 
6.0.0 24-04-2015 09:08:03 ERROR: null: Tried to create good from block with no item: saddle;73;0;Selle
6.0.0 24-04-2015 09:08:19 MAJOR: null: Loading language: en_US
6.0.0 24-04-2015 09:08:27 MAJOR: null: Language loaded: en_US. Wand name: Wand of Summoning Wand invitem name: item.ml_villageWand.name
6.0.0 24-04-2015 09:25:46 Starting new session. Mods: examplemod 
6.0.0 24-04-2015 09:26:08 ERROR: null: Tried to create good from block with no item: saddle;73;0;Selle
6.0.0 24-04-2015 09:26:16 MAJOR: null: Loading language: en_US
6.0.0 24-04-2015 09:26:16 MAJOR: null: Language loaded: en_US. Wand name: Wand of Summoning Wand invitem name: item.ml_villageWand.name
6.0.0 24-04-2015 09:40:46 Starting new session. Mods: examplemod 
6.0.0 24-04-2015 09:41:07 ERROR: null: Tried to create good from block with no item: saddle;73;0;Selle
6.0.0 24-04-2015 09:41:15 MAJOR: null: Loading language: en_US
6.0.0 24-04-2015 09:41:15 MAJOR: null: Language loaded: en_US. Wand name: Wand of Summoning Wand invitem name: item.ml_villageWand.name
6.0.0 24-04-2015 10:10:20 Starting new session. Mods: examplemod 
6.0.0 24-04-2015 10:10:41 ERROR: null: Tried to create good from block with no item: saddle;73;0;Selle
6.0.0 24-04-2015 10:10:48 MAJOR: null: Loading language: en_US
6.0.0 24-04-2015 10:10:48 MAJOR: null: Language loaded: en_US. Wand name: Wand of Summoning Wand invitem name: item.ml_villageWand.name
6.0.0 24-04-2015 10:51:40 Starting new session. Mods: examplemod 
6.0.0 24-04-2015 10:52:01 ERROR: null: Tried to create good from block with no item: saddle;73;0;Selle
6.0.0 24-04-2015 10:52:08 MAJOR: null: Loading language: en_US
6.0.0 24-04-2015 10:52:08 MAJOR: null: Language loaded: en_US. Wand name: Wand of Summoning Wand invitem name: item.ml_villageWand.name
6.0.0 24-04-2015 11:18:52 Starting new session. Mods: examplemod 
6.0.0 24-04-2015 11:19:14 ERROR: null: Tried to create good from block with no item: saddle;73;0;Selle
6.0.0 24-04-2015 11:19:22 MAJOR: null: Loading language: en_US
6.0.0 24-04-2015 11:19:22 MAJOR: null: Language loaded: en_US. Wand name: Wand of Summoning Wand invitem name: item.ml_villageWand.name
6.0.0 24-04-2015 13:06:20 Starting new session. Mods: examplemod 
6.0.0 24-04-2015 13:06:42 ERROR: null: Tried to create good from block with no item: saddle;73;0;Selle
6.0.0 24-04-2015 13:06:49 MAJOR: null: Loading language: en_US
6.0.0 24-04-2015 13:06:51 MAJOR: null: Language loaded: en_US. Wand name: Wand of Summoning Wand invitem name: item.ml_villageWand.name
6.0.0 24-04-2015 17:36:24 Starting new session. Mods: examplemod 
6.0.0 24-04-2015 17:36:51 ERROR: null: Tried to create good from block with no item: saddle;73;0;Selle
6.0.0 24-04-2015 17:37:01 MAJOR: null: Loading language: en_US
6.0.0 24-04-2015 17:37:02 MAJOR: null: Language loaded: en_US. Wand name: Wand of Summoning Wand invitem name: item.ml_villageWand.name
6.0.0 25-04-2015 15:42:51 Starting new session. Mods: examplemod 
6.0.0 25-04-2015 15:43:13 ERROR: null: Tried to create good from block with no item: saddle;73;0;Selle
6.0.0 25-04-2015 15:43:24 MAJOR: null: Loading language: en_US
6.0.0 25-04-2015 15:43:28 MAJOR: null: Language loaded: en_US. Wand name: Wand of Summoning Wand invitem name: item.ml_villageWand.name
6.0.0 26-04-2015 10:22:49 Starting new session. Mods: examplemod 
6.0.0 26-04-2015 10:23:14 ERROR: null: Tried to create good from block with no item: saddle;73;0;Selle
6.0.0 26-04-2015 10:23:25 MAJOR: null: Loading language: en_US
6.0.0 26-04-2015 10:23:30 MAJOR: null: Language loaded: en_US. Wand name: Wand of Summoning Wand invitem name: item.ml_villageWand.name
6.0.0 26-04-2015 10:44:06 Starting new session. Mods: examplemod 
6.0.0 26-04-2015 10:44:31 ERROR: null: Tried to create good from block with no item: saddle;73;0;Selle
6.0.0 26-04-2015 10:44:40 MAJOR: null: Loading language: en_US
6.0.0 26-04-2015 10:44:41 MAJOR: null: Language loaded: en_US. Wand name: Wand of Summoning Wand invitem name: item.ml_villageWand.name
6.0.0 02-05-2015 10:14:35 Starting new session. Mods: examplemod 
6.0.0 02-05-2015 10:14:56 ERROR: null: Tried to create good from block with no item: saddle;73;0;Selle
6.0.0 02-05-2015 10:15:07 MAJOR: null: Loading language: en_US
6.0.0 02-05-2015 10:15:12 MAJOR: null: Language loaded: en_US. Wand name: Wand of Summoning Wand invitem name: item.ml_villageWand.name
6.0.0 02-05-2015 14:19:29 Starting new session. Mods: examplemod 
6.0.0 02-05-2015 14:19:56 ERROR: null: Tried to create good from block with no item: saddle;73;0;Selle
6.0.0 02-05-2015 14:20:09 MAJOR: null: Loading language: en_US
6.0.0 02-05-2015 14:20:14 MAJOR: null: Language loaded: en_US. Wand name: Wand of Summoning Wand invitem name: item.ml_villageWand.name
6.0.0 02-05-2015 15:54:27 Starting new session. Mods: examplemod 
6.0.0 02-05-2015 15:54:50 ERROR: null: Tried to create good from block with no item: saddle;73;0;Selle
6.0.0 02-05-2015 15:55:00 MAJOR: null: Loading language: en_US
6.0.0 02-05-2015 15:55:06 MAJOR: null: Language loaded: en_US. Wand name: Wand of Summoning Wand invitem name: item.ml_villageWand.name
6.0.0 05-05-2015 15:34:03 Starting new session. Mods: examplemod 
6.0.0 05-05-2015 15:34:50 ERROR: null: Tried to create good from block with no item: saddle;73;0;Selle
6.0.0 05-05-2015 15:35:19 MAJOR: null: Loading language: en_US
6.0.0 05-05-2015 15:35:26 MAJOR: null: Language loaded: en_US. Wand name: Wand of Summoning Wand invitem name: item.ml_villageWand.name
6.0.0 05-05-2015 15:46:46 Starting new session. Mods: examplemod 
6.0.0 05-05-2015 15:47:19 ERROR: null: Tried to create good from block with no item: saddle;73;0;Selle
6.0.0 05-05-2015 15:47:25 MAJOR: null: Loading language: en_US
6.0.0 05-05-2015 15:47:26 MAJOR: null: Language loaded: en_US. Wand name: Wand of Summoning Wand invitem name: item.ml_villageWand.name
6.0.0 05-05-2015 18:20:11 Starting new session. Mods: examplemod 
6.0.0 05-05-2015 18:20:47 ERROR: null: Tried to create good from block with no item: saddle;73;0;Selle
6.0.0 05-05-2015 18:20:56 MAJOR: null: Loading language: en_US
6.0.0 05-05-2015 18:20:57 MAJOR: null: Language loaded: en_US. Wand name: Wand of Summoning Wand invitem name: item.ml_villageWand.name
6.0.0 05-05-2015 20:39:10 Starting new session. Mods: examplemod 
6.0.0 05-05-2015 20:39:43 ERROR: null: Tried to create good from block with no item: saddle;73;0;Selle
6.0.0 05-05-2015 20:39:52 MAJOR: null: Loading language: en_US
6.0.0 05-05-2015 20:39:52 MAJOR: null: Language loaded: en_US. Wand name: Wand of Summoning Wand invitem name: item.ml_villageWand.name
6.0.0 05-05-2015 20:47:23 Starting new session. Mods: examplemod 
6.0.0 05-05-2015 20:47:49 ERROR: null: Tried to create good from block with no item: saddle;73;0;Selle
6.0.0 05-05-2015 20:48:02 MAJOR: null: Loading language: en_US
6.0.0 05-05-2015 20:48:03 MAJOR: null: Language loaded: en_US. Wand name: Wand of Summoning Wand invitem name: item.ml_villageWand.name
6.0.0 05-05-2015 22:31:01 Starting new session. Mods: examplemod 
6.0.0 05-05-2015 22:31:39 ERROR: null: Tried to create good from block with no item: saddle;73;0;Selle
6.0.0 05-05-2015 22:31:49 MAJOR: null: Loading language: en_US
6.0.0 05-05-2015 22:31:49 MAJOR: null: Language loaded: en_US. Wand name: Wand of Summoning Wand invitem name: item.ml_villageWand.name
6.0.0 08-05-2015 12:56:04 Starting new session. Mods: examplemod 
6.0.0 08-05-2015 12:56:27 ERROR: null: Tried to create good from block with no item: saddle;73;0;Selle
6.0.0 08-05-2015 12:56:38 MAJOR: null: Loading language: en_US
6.0.0 08-05-2015 12:56:42 MAJOR: null: Language loaded: en_US. Wand name: Wand of Summoning Wand invitem name: item.ml_villageWand.name
6.0.0 08-05-2015 13:06:52 Starting new session. Mods: examplemod 
6.0.0 08-05-2015 13:07:17 ERROR: null: Tried to create good from block with no item: saddle;73;0;Selle
6.0.0 08-05-2015 13:07:26 MAJOR: null: Loading language: en_US
6.0.0 08-05-2015 13:07:27 MAJOR: null: Language loaded: en_US. Wand name: Wand of Summoning Wand invitem name: item.ml_villageWand.name
6.0.0 10-05-2015 19:36:31 Starting new session. Mods: examplemod 
6.0.0 10-05-2015 19:37:00 ERROR: null: Tried to create good from block with no item: saddle;73;0;Selle
6.0.0 10-05-2015 19:37:14 MAJOR: null: Loading language: en_US
6.0.0 10-05-2015 19:37:19 MAJOR: null: Language loaded: en_US. Wand name: Wand of Summoning Wand invitem name: item.ml_villageWand.name
6.0.0 11-05-2015 10:52:05 Starting new session. Mods: examplemod 
6.0.0 11-05-2015 10:52:29 ERROR: null: Tried to create good from block with no item: saddle;73;0;Selle
6.0.0 11-05-2015 10:52:38 MAJOR: null: Loading language: en_US
6.0.0 11-05-2015 10:52:42 MAJOR: null: Language loaded: en_US. Wand name: Wand of Summoning Wand invitem name: item.ml_villageWand.name
6.0.0 11-05-2015 10:55:54 Starting new session. Mods: examplemod 
6.0.0 11-05-2015 10:56:16 ERROR: null: Tried to create good from block with no item: saddle;73;0;Selle
6.0.0 11-05-2015 10:56:23 MAJOR: null: Loading language: en_US
6.0.0 11-05-2015 10:56:23 MAJOR: null: Language loaded: en_US. Wand name: Wand of Summoning Wand invitem name: item.ml_villageWand.name
6.0.0 11-05-2015 15:44:52 Starting new session. Mods: examplemod 
6.0.0 11-05-2015 15:45:28 ERROR: null: Tried to create good from block with no item: saddle;73;0;Selle
6.0.0 11-05-2015 15:45:56 MAJOR: null: Loading language: en_US
6.0.0 11-05-2015 15:46:17 MAJOR: null: Language loaded: en_US. Wand name: Wand of Summoning Wand invitem name: item.ml_villageWand.name
6.0.0 11-05-2015 16:09:33 Starting new session. Mods: examplemod 
6.0.0 11-05-2015 16:09:57 ERROR: null: Tried to create good from block with no item: saddle;73;0;Selle
6.0.0 11-05-2015 16:10:05 MAJOR: null: Loading language: en_US
6.0.0 11-05-2015 16:10:05 MAJOR: null: Language loaded: en_US. Wand name: Wand of Summoning Wand invitem name: item.ml_villageWand.name
6.0.0 11-05-2015 18:14:05 Starting new session. Mods: examplemod 
6.0.0 11-05-2015 18:14:28 ERROR: null: Tried to create good from block with no item: saddle;73;0;Selle
6.0.0 11-05-2015 18:14:34 MAJOR: null: Loading language: en_US
6.0.0 11-05-2015 18:14:35 MAJOR: null: Language loaded: en_US. Wand name: Wand of Summoning Wand invitem name: item.ml_villageWand.name
6.0.0 11-05-2015 19:00:02 Starting new session. Mods: examplemod 
6.0.0 11-05-2015 19:00:31 ERROR: null: Tried to create good from block with no item: saddle;73;0;Selle
6.0.0 11-05-2015 19:00:41 MAJOR: null: Loading language: en_US
6.0.0 11-05-2015 19:00:41 MAJOR: null: Language loaded: en_US. Wand name: Wand of Summoning Wand invitem name: item.ml_villageWand.name
6.0.0 11-05-2015 20:21:55 Starting new session. Mods: examplemod 
6.0.0 11-05-2015 20:22:24 ERROR: null: Tried to create good from block with no item: saddle;73;0;Selle
6.0.0 11-05-2015 20:22:35 MAJOR: null: Loading language: en_US
6.0.0 11-05-2015 20:22:40 MAJOR: null: Language loaded: en_US. Wand name: Wand of Summoning Wand invitem name: item.ml_villageWand.name
6.0.0 12-05-2015 09:58:25 Starting new session. Mods: examplemod 
6.0.0 12-05-2015 09:58:46 ERROR: null: Tried to create good from block with no item: saddle;73;0;Selle
6.0.0 12-05-2015 09:58:52 MAJOR: null: Loading language: en_US
6.0.0 12-05-2015 09:58:53 MAJOR: null: Language loaded: en_US. Wand name: Wand of Summoning Wand invitem name: item.ml_villageWand.name
6.0.0 15-05-2015 17:44:11 Starting new session. Mods: examplemod 
6.0.0 15-05-2015 17:44:42 ERROR: null: Tried to create good from block with no item: saddle;73;0;Selle
6.0.0 15-05-2015 17:44:57 MAJOR: null: Loading language: en_US
6.0.0 15-05-2015 17:45:02 MAJOR: null: Language loaded: en_US. Wand name: Wand of Summoning Wand invitem name: item.ml_villageWand.name
6.0.0 21-05-2015 10:46:38 Starting new session. Mods: examplemod 
6.0.0 21-05-2015 10:47:08 ERROR: null: Tried to create good from block with no item: saddle;73;0;Selle
6.0.0 21-05-2015 10:47:20 MAJOR: null: Loading language: en_US
6.0.0 21-05-2015 10:47:24 MAJOR: null: Language loaded: en_US. Wand name: Wand of Summoning Wand invitem name: item.ml_villageWand.name
6.0.0 16-06-2015 21:22:24 Starting new session. Mods: examplemod 
6.0.0 16-06-2015 21:22:55 ERROR: null: Tried to create good from block with no item: saddle;73;0;Selle
6.0.0 16-06-2015 21:23:07 MAJOR: null: Loading language: en_US
6.0.0 16-06-2015 21:23:12 MAJOR: null: Language loaded: en_US. Wand name: Wand of Summoning Wand invitem name: item.ml_villageWand.name
6.0.0 16-06-2015 21:44:09 Starting new session. Mods: examplemod 
6.0.0 16-06-2015 21:44:34 ERROR: null: Tried to create good from block with no item: saddle;73;0;Selle
6.0.0 16-06-2015 21:44:45 MAJOR: null: Loading language: en_US
6.0.0 16-06-2015 21:44:51 MAJOR: null: Language loaded: en_US. Wand name: Wand of Summoning Wand invitem name: item.ml_villageWand.name
6.0.0 16-06-2015 22:04:02 Starting new session. Mods: examplemod 
6.0.0 16-06-2015 22:04:27 ERROR: null: Tried to create good from block with no item: saddle;73;0;Selle
6.0.0 16-06-2015 22:04:37 MAJOR: null: Loading language: en_US
6.0.0 16-06-2015 22:04:38 MAJOR: null: Language loaded: en_US. Wand name: Wand of Summoning Wand invitem name: item.ml_villageWand.name
6.0.0 16-06-2015 22:25:22 Starting new session. Mods: examplemod 
6.0.0 16-06-2015 22:25:48 ERROR: null: Tried to create good from block with no item: saddle;73;0;Selle
6.0.0 16-06-2015 22:25:54 MAJOR: null: Loading language: en_US
6.0.0 16-06-2015 22:25:55 MAJOR: null: Language loaded: en_US. Wand name: Wand of Summoning Wand invitem name: item.ml_villageWand.name
6.0.0 18-06-2015 17:33:49 Starting new session. Mods: examplemod 
6.0.0 18-06-2015 17:34:36 ERROR: null: Tried to create good from block with no item: saddle;73;0;Selle
6.0.0 18-06-2015 17:34:46 MAJOR: null: Loading language: en_US
6.0.0 18-06-2015 17:34:51 MAJOR: null: Language loaded: en_US. Wand name: Wand of Summoning Wand invitem name: item.ml_villageWand.name
6.0.0 18-06-2015 18:47:42 Starting new session. Mods: examplemod 
6.0.0 18-06-2015 18:48:17 ERROR: null: Tried to create good from block with no item: saddle;73;0;Selle
6.0.0 18-06-2015 18:48:28 MAJOR: null: Loading language: en_US
6.0.0 18-06-2015 18:48:34 MAJOR: null: Language loaded: en_US. Wand name: Wand of Summoning Wand invitem name: item.ml_villageWand.name
6.0.0 18-06-2015 19:35:39 Starting new session. Mods: examplemod 
6.0.0 18-06-2015 19:36:06 ERROR: null: Tried to create good from block with no item: saddle;73;0;Selle
6.0.0 18-06-2015 19:36:20 MAJOR: null: Loading language: en_US
6.0.0 18-06-2015 19:36:25 MAJOR: null: Language loaded: en_US. Wand name: Wand of Summoning Wand invitem name: item.ml_villageWand.name
6.0.0 18-06-2015 20:58:47 Starting new session. Mods: examplemod 
6.0.0 18-06-2015 20:59:21 ERROR: null: Tried to create good from block with no item: saddle;73;0;Selle
6.0.0 18-06-2015 20:59:31 MAJOR: null: Loading language: en_US
6.0.0 18-06-2015 20:59:36 MAJOR: null: Language loaded: en_US. Wand name: Wand of Summoning Wand invitem name: item.ml_villageWand.name
6.0.0 18-06-2015 21:11:29 Starting new session. Mods: examplemod 
6.0.0 18-06-2015 21:11:58 ERROR: null: Tried to create good from block with no item: saddle;73;0;Selle
6.0.0 18-06-2015 21:12:06 MAJOR: null: Loading language: en_US
6.0.0 18-06-2015 21:12:07 MAJOR: null: Language loaded: en_US. Wand name: Wand of Summoning Wand invitem name: item.ml_villageWand.name
6.0.0 19-06-2015 11:56:13 Starting new session. Mods: examplemod 
6.0.0 19-06-2015 11:57:09 ERROR: null: Tried to create good from block with no item: saddle;73;0;Selle
6.0.0 19-06-2015 11:57:21 MAJOR: null: Loading language: en_US
6.0.0 19-06-2015 11:57:26 MAJOR: null: Language loaded: en_US. Wand name: Wand of Summoning Wand invitem name: item.ml_villageWand.name
6.0.0 22-06-2015 12:25:45 Starting new session. Mods: examplemod 
6.0.0 22-06-2015 12:26:20 ERROR: null: Tried to create good from block with no item: saddle;73;0;Selle
6.0.0 22-06-2015 12:26:31 MAJOR: null: Loading language: en_US
6.0.0 22-06-2015 12:26:36 MAJOR: null: Language loaded: en_US. Wand name: Wand of Summoning Wand invitem name: item.ml_villageWand.name
6.0.0 22-06-2015 12:52:16 Starting new session. Mods: examplemod 
6.0.0 22-06-2015 12:52:44 ERROR: null: Tried to create good from block with no item: saddle;73;0;Selle
6.0.0 22-06-2015 12:52:56 MAJOR: null: Loading language: en_US
6.0.0 22-06-2015 12:53:01 MAJOR: null: Language loaded: en_US. Wand name: Wand of Summoning Wand invitem name: item.ml_villageWand.name
6.0.0 22-06-2015 13:26:38 Starting new session. Mods: examplemod 
6.0.0 22-06-2015 13:27:03 ERROR: null: Tried to create good from block with no item: saddle;73;0;Selle
6.0.0 22-06-2015 13:27:11 MAJOR: null: Loading language: en_US
6.0.0 22-06-2015 13:27:12 MAJOR: null: Language loaded: en_US. Wand name: Wand of Summoning Wand invitem name: item.ml_villageWand.name
6.0.0 22-06-2015 20:22:28 Starting new session. Mods: examplemod 
6.0.0 22-06-2015 20:22:57 ERROR: null: Tried to create good from block with no item: saddle;73;0;Selle
6.0.0 22-06-2015 20:23:07 MAJOR: null: Loading language: en_US
6.0.0 22-06-2015 20:23:17 MAJOR: null: Language loaded: en_US. Wand name: Wand of Summoning Wand invitem name: item.ml_villageWand.name
6.0.0 23-06-2015 18:19:46 Starting new session. Mods: examplemod 
6.0.0 23-06-2015 18:20:14 ERROR: null: Tried to create good from block with no item: saddle;73;0;Selle
6.0.0 23-06-2015 18:20:25 MAJOR: null: Loading language: en_US
6.0.0 23-06-2015 18:20:29 MAJOR: null: Language loaded: en_US. Wand name: Wand of Summoning Wand invitem name: item.ml_villageWand.name
6.0.0 24-06-2015 00:52:27 Starting new session. Mods: examplemod 
6.0.0 24-06-2015 00:52:56 ERROR: null: Tried to create good from block with no item: saddle;73;0;Selle
6.0.0 24-06-2015 00:53:07 MAJOR: null: Loading language: en_US
6.0.0 24-06-2015 00:53:12 MAJOR: null: Language loaded: en_US. Wand name: Wand of Summoning Wand invitem name: item.ml_villageWand.name
6.0.0 24-06-2015 09:23:26 Starting new session. Mods: examplemod 
6.0.0 24-06-2015 09:23:55 ERROR: null: Tried to create good from block with no item: saddle;73;0;Selle
6.0.0 24-06-2015 09:24:07 MAJOR: null: Loading language: en_US
6.0.0 24-06-2015 09:24:11 MAJOR: null: Language loaded: en_US. Wand name: Wand of Summoning Wand invitem name: item.ml_villageWand.name
6.0.0 24-06-2015 14:49:05 Starting new session. Mods: examplemod 
6.0.0 24-06-2015 14:49:33 ERROR: null: Tried to create good from block with no item: saddle;73;0;Selle
6.0.0 24-06-2015 14:49:44 MAJOR: null: Loading language: en_US
6.0.0 24-06-2015 14:49:49 MAJOR: null: Language loaded: en_US. Wand name: Wand of Summoning Wand invitem name: item.ml_villageWand.name
6.0.0 24-06-2015 14:55:08 Starting new session. Mods: examplemod 
6.0.0 24-06-2015 14:55:35 ERROR: null: Tried to create good from block with no item: saddle;73;0;Selle
6.0.0 24-06-2015 14:55:42 MAJOR: null: Loading language: en_US
6.0.0 24-06-2015 14:55:43 MAJOR: null: Language loaded: en_US. Wand name: Wand of Summoning Wand invitem name: item.ml_villageWand.name
6.0.0 25-06-2015 11:50:36 Starting new session. Mods: examplemod 
6.0.0 25-06-2015 11:51:02 ERROR: null: Tried to create good from block with no item: saddle;73;0;Selle
6.0.0 25-06-2015 11:51:13 MAJOR: null: Loading language: en_US
6.0.0 25-06-2015 11:51:18 MAJOR: null: Language loaded: en_US. Wand name: Wand of Summoning Wand invitem name: item.ml_villageWand.name
6.0.0 27-06-2015 00:40:06 Starting new session. Mods: examplemod 
6.0.0 27-06-2015 00:40:34 ERROR: null: Tried to create good from block with no item: saddle;73;0;Selle
6.0.0 27-06-2015 00:40:44 MAJOR: null: Loading language: en_US
6.0.0 27-06-2015 00:40:48 MAJOR: null: Language loaded: en_US. Wand name: Wand of Summoning Wand invitem name: item.ml_villageWand.name
6.0.0 30-06-2015 14:29:16 Starting new session. Mods: examplemod 
6.0.0 30-06-2015 14:29:59 ERROR: null: Tried to create good from block with no item: saddle;73;0;Selle
6.0.0 30-06-2015 14:30:16 MAJOR: null: Loading language: en_US
6.0.0 30-06-2015 14:30:22 MAJOR: null: Language loaded: en_US. Wand name: Wand of Summoning Wand invitem name: item.ml_villageWand.name
6.0.0 30-06-2015 14:38:30 Starting new session. Mods: examplemod 
6.0.0 30-06-2015 14:39:13 ERROR: null: Tried to create good from block with no item: saddle;73;0;Selle
6.0.0 30-06-2015 14:39:27 MAJOR: null: Loading language: en_US
6.0.0 30-06-2015 14:39:28 MAJOR: null: Language loaded: en_US. Wand name: Wand of Summoning Wand invitem name: item.ml_villageWand.name
6.0.0 10-07-2015 15:17:53 Starting new session. Mods: examplemod 
6.0.0 10-07-2015 15:19:00 ERROR: null: Tried to create good from block with no item: saddle;73;0;Selle
6.0.0 10-07-2015 15:19:13 MAJOR: null: Loading language: en_US
6.0.0 10-07-2015 15:19:18 MAJOR: null: Language loaded: en_US. Wand name: Wand of Summoning Wand invitem name: item.ml_villageWand.name
6.0.0 10-07-2015 15:24:12 Starting new session. Mods: examplemod 
6.0.0 10-07-2015 15:24:59 ERROR: null: Tried to create good from block with no item: saddle;73;0;Selle
6.0.0 10-07-2015 15:25:10 MAJOR: null: Loading language: en_US
6.0.0 10-07-2015 15:25:15 MAJOR: null: Language loaded: en_US. Wand name: Wand of Summoning Wand invitem name: item.ml_villageWand.name
6.0.0 10-07-2015 15:28:07 Starting new session. Mods: examplemod 
6.0.0 10-07-2015 15:28:49 ERROR: null: Tried to create good from block with no item: saddle;73;0;Selle
6.0.0 10-07-2015 15:28:55 MAJOR: null: Loading language: en_US
6.0.0 10-07-2015 15:28:56 MAJOR: null: Language loaded: en_US. Wand name: Wand of Summoning Wand invitem name: item.ml_villageWand.name
6.0.0 10-07-2015 15:33:19 Starting new session. Mods: examplemod 
6.0.0 10-07-2015 15:34:01 ERROR: null: Tried to create good from block with no item: saddle;73;0;Selle
6.0.0 10-07-2015 15:34:08 MAJOR: null: Loading language: en_US
6.0.0 10-07-2015 15:34:09 MAJOR: null: Language loaded: en_US. Wand name: Wand of Summoning Wand invitem name: item.ml_villageWand.name
6.0.0 10-07-2015 16:48:29 Starting new session. Mods: examplemod 
6.0.0 10-07-2015 16:49:06 ERROR: null: Tried to create good from block with no item: saddle;73;0;Selle
6.0.0 10-07-2015 16:49:17 MAJOR: null: Loading language: en_US
6.0.0 10-07-2015 16:49:22 MAJOR: null: Language loaded: en_US. Wand name: Wand of Summoning Wand invitem name: item.ml_villageWand.name
6.0.0 10-07-2015 16:58:02 Starting new session. Mods: examplemod 
6.0.0 10-07-2015 16:58:48 ERROR: null: Tried to create good from block with no item: saddle;73;0;Selle
6.0.0 10-07-2015 16:58:55 MAJOR: null: Loading language: en_US
6.0.0 10-07-2015 16:58:55 MAJOR: null: Language loaded: en_US. Wand name: Wand of Summoning Wand invitem name: item.ml_villageWand.name
6.0.0 10-07-2015 17:12:26 Starting new session. Mods: examplemod 
6.0.0 10-07-2015 17:13:13 ERROR: null: Tried to create good from block with no item: saddle;73;0;Selle
6.0.0 10-07-2015 17:13:20 MAJOR: null: Loading language: en_US
6.0.0 10-07-2015 17:13:21 MAJOR: null: Language loaded: en_US. Wand name: Wand of Summoning Wand invitem name: item.ml_villageWand.name
6.0.0 10-07-2015 17:28:02 Starting new session. Mods: examplemod 
6.0.0 10-07-2015 17:28:47 ERROR: null: Tried to create good from block with no item: saddle;73;0;Selle
6.0.0 10-07-2015 17:28:54 MAJOR: null: Loading language: en_US
6.0.0 10-07-2015 17:28:54 MAJOR: null: Language loaded: en_US. Wand name: Wand of Summoning Wand invitem name: item.ml_villageWand.name
6.0.0 10-07-2015 17:35:33 Starting new session. Mods: examplemod 
6.0.0 10-07-2015 17:36:14 ERROR: null: Tried to create good from block with no item: saddle;73;0;Selle
6.0.0 10-07-2015 17:36:21 MAJOR: null: Loading language: en_US
6.0.0 10-07-2015 17:36:22 MAJOR: null: Language loaded: en_US. Wand name: Wand of Summoning Wand invitem name: item.ml_villageWand.name
6.0.0 10-07-2015 18:17:59 Starting new session. Mods: examplemod 
6.0.0 10-07-2015 18:18:49 ERROR: null: Tried to create good from block with no item: saddle;73;0;Selle
6.0.0 10-07-2015 18:18:58 MAJOR: null: Loading language: en_US
6.0.0 10-07-2015 18:18:58 MAJOR: null: Language loaded: en_US. Wand name: Wand of Summoning Wand invitem name: item.ml_villageWand.name
6.0.0 10-07-2015 18:56:48 Starting new session. Mods: examplemod 
6.0.0 10-07-2015 18:57:32 ERROR: null: Tried to create good from block with no item: saddle;73;0;Selle
6.0.0 10-07-2015 18:57:44 MAJOR: null: Loading language: en_US
6.0.0 10-07-2015 18:57:49 MAJOR: null: Language loaded: en_US. Wand name: Wand of Summoning Wand invitem name: item.ml_villageWand.name
6.0.0 10-07-2015 19:48:03 Starting new session. Mods: examplemod 
6.0.0 10-07-2015 19:48:48 ERROR: null: Tried to create good from block with no item: saddle;73;0;Selle
6.0.0 10-07-2015 19:48:57 MAJOR: null: Loading language: en_US
6.0.0 10-07-2015 19:49:00 MAJOR: null: Language loaded: en_US. Wand name: Wand of Summoning Wand invitem name: item.ml_villageWand.name
6.0.0 10-07-2015 20:18:26 Starting new session. Mods: examplemod 
6.0.0 10-07-2015 20:19:17 ERROR: null: Tried to create good from block with no item: saddle;73;0;Selle
6.0.0 10-07-2015 20:19:27 MAJOR: null: Loading language: en_US
6.0.0 10-07-2015 20:19:27 MAJOR: null: Language loaded: en_US. Wand name: Wand of Summoning Wand invitem name: item.ml_villageWand.name
6.0.0 10-07-2015 20:27:11 Starting new session. Mods: examplemod 
6.0.0 10-07-2015 20:27:57 ERROR: null: Tried to create good from block with no item: saddle;73;0;Selle
6.0.0 10-07-2015 20:28:04 MAJOR: null: Loading language: en_US
6.0.0 10-07-2015 20:28:05 MAJOR: null: Language loaded: en_US. Wand name: Wand of Summoning Wand invitem name: item.ml_villageWand.name
6.0.0 10-07-2015 21:25:24 Starting new session. Mods: examplemod 
6.0.0 10-07-2015 21:26:09 ERROR: null: Tried to create good from block with no item: saddle;73;0;Selle
6.0.0 10-07-2015 21:26:17 MAJOR: null: Loading language: en_US
6.0.0 10-07-2015 21:26:18 MAJOR: null: Language loaded: en_US. Wand name: Wand of Summoning Wand invitem name: item.ml_villageWand.name
6.0.0 10-07-2015 21:36:31 Starting new session. Mods: examplemod 
6.0.0 10-07-2015 21:37:18 ERROR: null: Tried to create good from block with no item: saddle;73;0;Selle
6.0.0 10-07-2015 21:37:26 MAJOR: null: Loading language: en_US
6.0.0 10-07-2015 21:37:27 MAJOR: null: Language loaded: en_US. Wand name: Wand of Summoning Wand invitem name: item.ml_villageWand.name
6.0.0 11-07-2015 10:41:12 Starting new session. Mods: examplemod 
6.0.0 11-07-2015 10:41:55 ERROR: null: Tried to create good from block with no item: saddle;73;0;Selle
6.0.0 11-07-2015 10:42:07 MAJOR: null: Loading language: en_US
6.0.0 11-07-2015 10:42:12 MAJOR: null: Language loaded: en_US. Wand name: Wand of Summoning Wand invitem name: item.ml_villageWand.name
6.0.0 11-07-2015 11:37:24 Starting new session. Mods: examplemod 
6.0.0 11-07-2015 11:38:06 ERROR: null: Tried to create good from block with no item: saddle;73;0;Selle
6.0.0 11-07-2015 11:38:13 MAJOR: null: Loading language: en_US
6.0.0 11-07-2015 11:38:14 MAJOR: null: Language loaded: en_US. Wand name: Wand of Summoning Wand invitem name: item.ml_villageWand.name
6.0.0 13-07-2015 15:05:24 Starting new session. Mods: examplemod 
6.0.0 13-07-2015 15:06:16 ERROR: null: Tried to create good from block with no item: saddle;73;0;Selle
6.0.0 13-07-2015 15:06:29 MAJOR: null: Loading language: en_US
6.0.0 13-07-2015 15:06:33 MAJOR: null: Language loaded: en_US. Wand name: Wand of Summoning Wand invitem name: item.ml_villageWand.name
6.0.0 13-07-2015 21:37:27 Starting new session. Mods: examplemod 
6.0.0 13-07-2015 21:38:17 ERROR: null: Tried to create good from block with no item: saddle;73;0;Selle
6.0.0 13-07-2015 21:38:31 MAJOR: null: Loading language: en_US
6.0.0 13-07-2015 21:38:37 MAJOR: null: Language loaded: en_US. Wand name: Wand of Summoning Wand invitem name: item.ml_villageWand.name
